[2023-03-27T22:20:34.246] [WARN] warn - GET /- ruta no encontrada
[2023-03-27T22:20:34.253] [WARN] warn - GET /login- ruta no encontrada
[2023-03-27T22:20:44.765] [WARN] warn - GET /oropel- ruta no encontrada
[2023-03-27T22:30:25.724] [WARN] warn - GET /- ruta no encontrada
[2023-03-27T22:30:25.731] [WARN] warn - GET /login- ruta no encontrada
[2023-03-27T22:30:28.389] [WARN] warn - POST /login- ruta no encontrada
[2023-03-27T22:30:28.482] [WARN] warn - GET /datos- ruta no encontrada
[2023-03-27T22:31:42.749] [WARN] warn - GET /- ruta no encontrada
[2023-03-27T22:31:42.756] [WARN] warn - GET /login- ruta no encontrada
[2023-03-27T22:31:46.526] [WARN] warn - POST /login- ruta no encontrada
[2023-03-27T22:31:46.613] [WARN] warn - GET /datos- ruta no encontrada
[2023-03-27T22:32:32.955] [WARN] warn - POST /login- ruta no encontrada
[2023-03-27T22:32:32.962] [WARN] warn - GET /login-error- ruta no encontrada
[2023-03-27T22:32:34.954] [WARN] warn - GET /- ruta no encontrada
[2023-03-27T22:32:34.959] [WARN] warn - GET /login- ruta no encontrada
[2023-03-27T22:32:48.571] [WARN] warn - POST /login- ruta no encontrada
[2023-03-27T22:32:48.578] [WARN] warn - GET /login-error- ruta no encontrada
[2023-03-27T22:32:50.052] [WARN] warn - GET /- ruta no encontrada
[2023-03-27T22:32:50.056] [WARN] warn - GET /login- ruta no encontrada
[2023-03-27T22:35:32.203] [WARN] warn - POST /login- ruta no encontrada
[2023-03-27T22:35:32.301] [WARN] warn - GET /datos- ruta no encontrada
[2023-03-27T22:35:49.746] [WARN] warn - POST /datos- ruta no encontrada
[2023-03-27T22:35:49.753] [WARN] warn - GET /datos- ruta no encontrada
[2023-03-27T22:35:49.769] [WARN] warn - GET /- ruta no encontrada
[2023-03-27T22:35:49.780] [WARN] warn - GET /login- ruta no encontrada
[2023-03-27T22:36:27.070] [WARN] warn - GET /- ruta no encontrada
[2023-03-27T22:36:27.077] [WARN] warn - GET /login- ruta no encontrada
[2023-03-27T22:39:30.328] [WARN] warn - GET /info- ruta no encontrada
[2023-03-27T22:39:32.833] [WARN] warn - GET /inexistente- ruta no encontrada
[2023-03-27T22:39:58.124] [WARN] warn - GET /inexistente- ruta no encontrada
[2023-03-27T22:41:37.727] [WARN] warn - GET /datos- ruta no encontrada
[2023-03-27T22:41:37.736] [WARN] warn - GET /login- ruta no encontrada
[2023-03-27T22:41:47.209] [WARN] warn - POST /login- ruta no encontrada
[2023-03-27T22:41:47.297] [WARN] warn - GET /datos- ruta no encontrada
[2023-03-27T22:41:47.331] [WARN] warn - GET /- ruta no encontrada
[2023-03-27T22:41:47.339] [WARN] warn - GET /login- ruta no encontrada
[2023-03-27T22:41:57.404] [WARN] warn - GET /datosa- ruta no encontrada
[2023-03-27T22:42:02.452] [WARN] warn - GET /datos- ruta no encontrada
[2023-03-27T22:42:02.467] [WARN] warn - GET /- ruta no encontrada
[2023-03-27T22:42:02.476] [WARN] warn - GET /login- ruta no encontrada
[2023-03-27T22:42:19.782] [WARN] warn - POST /datos- ruta no encontrada
[2023-03-27T22:42:19.789] [WARN] warn - GET /datos- ruta no encontrada
[2023-03-27T22:42:19.804] [WARN] warn - GET /- ruta no encontrada
[2023-03-27T22:42:19.816] [WARN] warn - GET /login- ruta no encontrada
[2023-03-27T22:43:33.047] [WARN] warn - GET /datos- ruta no encontrada
[2023-03-27T22:43:33.055] [WARN] warn - GET /login- ruta no encontrada
[2023-03-27T22:43:39.182] [WARN] warn - POST /login- ruta no encontrada
[2023-03-27T22:43:39.269] [WARN] warn - GET /datos- ruta no encontrada
[2023-03-27T23:48:34.501] [WARN] warn - GET /- ruta no encontrada
[2023-03-27T23:48:34.508] [WARN] warn - GET /login- ruta no encontrada
